0.045533583 -- 5.219178583
0.109517708 -- 5.155212875
0.174543916 -- 5.090190375
0.235607083 -- 5.029130167
0.300086583 -- 4.964653375
0.361262583 -- 4.903480375
0.426297208 -- 4.8384485
0.491322125 -- 4.77342625
0.552583375 -- 4.712167708
0.614009791 -- 4.650744209
0.675777166 -- 4.588979416999999
0.737975708 -- 4.526783833
0.803019791 -- 4.461742667
0.868070083 -- 4.396695125
0.933117875 -- 4.331650166
0.998007041 -- 4.2667635839999996
1.058988541 -- 4.205784917
1.1232345 -- 4.141541791000001
1.188286708 -- 4.076492333
1.25033225 -- 4.014449375
1.313726041 -- 3.9510585000000003
1.374433625 -- 3.890353833
1.439480291 -- 3.8253098340000005
1.500705416 -- 3.7640875000000005
1.565741083 -- 3.699054542
1.628200375 -- 3.6365979999999998
1.693253166 -- 3.571548
1.757367 -- 3.5074367499999997
1.819470458 -- 3.4453360829999995
1.88196475 -- 3.382844791
1.94621 -- 3.318602375
2.009480958 -- 3.2553340419999994
2.074556208 -- 3.190261417
2.139609416 -- 3.125211125
2.200720166 -- 3.0641030000000002
2.265671041 -- 2.9991547919999997
2.3258935 -- 2.9389350000000003
2.390947666 -- 2.873883584
2.455989458 -- 2.808844333
2.518242541 -- 2.74659425
2.581974375 -- 2.682864958
2.64695275 -- 2.6178893750000003
2.709476791 -- 2.5553680419999996
2.774535208 -- 2.490312333
2.837574416 -- 2.427275625
2.901862833 -- 2.3629898330000003
2.963240125 -- 2.301615208
3.026037291 -- 2.238820709
3.090701666 -- 2.174158792
3.151132041 -- 2.113731
3.216205416 -- 2.0486608749999995
3.281272958 -- 1.9835967079999999
3.34452275 -- 1.9203503330000005
3.409462208 -- 1.855413833
3.471713833 -- 1.7931647919999998
3.536770541 -- 1.72811775
3.6018075 -- 1.6630835000000004
3.662518916 -- 1.602374792
3.725706416 -- 1.5391898750000004
3.787636541 -- 1.4772623340000002
3.85268125 -- 1.412220208
3.916266208 -- 1.3486377499999995
3.981320875 -- 1.2835858329999996
4.043832958 -- 1.2210762919999993
4.10887425 -- 1.1560375829999998
4.169081291 -- 1.0958337499999997
4.23411125 -- 1.030806375
4.299158166 -- 0.9657620420000006
4.364201916 -- 0.9007209999999999
4.424488416 -- 0.8404372499999999
4.489548458 -- 0.7753798330000006
4.550872708 -- 0.7140582499999999
4.61210375 -- 0.6528297910000003
4.676734083 -- 0.5882021249999996
4.741796125 -- 0.523142666
4.806842958 -- 0.4580983750000005
4.87187925 -- 0.3930646659999999
4.936913875 -- 0.32803262499999963
5.000492083 -- 0.26445716699999977
22.9s