0.044122791 -- 0.201233084
0.105302291 -- 0.200519375
0.1664275 -- 0.201172083
0.227769333 -- 0.20110112500000002
0.28898125 -- 0.201302125
0.349639333 -- 0.20124608299999996
0.410038 -- 0.20119916599999998
0.471229375 -- 0.20131649999999995
0.531928791 -- 0.201459167
0.593207916 -- 0.20124020899999995
0.654016875 -- 0.20146562499999998
0.71516125 -- 0.20074279100000003
0.776349125 -- 0.20130095800000003
0.837575958 -- 0.20125024999999996
0.898954041 -- 0.20138470899999994
0.960330291 -- 0.2012965
1.021521625 -- 0.20132508299999996
1.082656458 -- 0.2007881250000001
1.143835333 -- 0.20137720800000003
1.205087208 -- 0.201244875
1.266319416 -- 0.2012235
1.327571375 -- 0.20125991599999993
1.388822166 -- 0.20135395899999997
1.450000916 -- 0.201235834
1.511149041 -- 0.20131125000000005
1.572369541 -- 0.20029554199999988
1.633588375 -- 0.20122820800000008
1.694750125 -- 0.2013454579999998
1.75593925 -- 0.20106175000000004
1.817095708 -- 0.20073183299999986
1.878212333 -- 0.20097112500000014
1.939440166 -- 0.20144624999999983
2.000181291 -- 0.20161158400000012
2.06155475 -- 0.2012712080000001
2.122829208 -- 0.20087133299999982
2.1838105 -- 0.20123449999999998
2.245066 -- 0.20135499999999995
2.306288041 -- 0.2014339999999999
2.366850583 -- 0.20144408299999972
2.428019458 -- 0.20094920799999993
2.489279 -- 0.20134150000000028
2.550485666 -- 0.20124304199999976
2.611713625 -- 0.201209666
2.672009833 -- 0.20125337499999985
2.733202375 -- 0.20119520800000013
2.794332875 -- 0.20126162500000033
2.855446458 -- 0.20134275000000024
2.916542125 -- 0.20104845800000026
2.97730375 -- 0.20101108300000003
3.03856575 -- 0.20080158300000006
3.098966 -- 0.20112050000000004
3.160041791 -- 0.20111854200000012
3.221129583 -- 0.20118354199999988
3.281257583 -- 0.20111550000000022
3.342327166 -- 0.20113133399999983
3.403467666 -- 0.20123333399999987
3.464574333 -- 0.20115075000000004
3.525689041 -- 0.20116508399999988
3.586811625 -- 0.20113045799999973
3.647973041 -- 0.20112770899999965
3.708824708 -- 0.20054108300000006
3.7699285 -- 0.2011400000000001
3.830536833 -- 0.20068745799999999
3.89149525 -- 0.20114324999999944
3.952580833 -- 0.20066741700000001
4.013679166 -- 0.20112379199999975
4.074796625 -- 0.20111554100000006
4.136032333 -- 0.2011520830000002
4.197149416 -- 0.20110458399999942
4.258235 -- 0.20122324999999996
4.319368958 -- 0.20120454200000015
4.380492625 -- 0.20117879100000025
4.441813666 -- 0.20134295899999977
4.503231083 -- 0.20072391699999947
4.564405541 -- 0.20139824999999956
4.625633125 -- 0.2015141250000001
4.686833625 -- 0.2008358750000001
4.748137875 -- 0.20128054100000004
4.808841166 -- 0.20132645900000057
4.870200208 -- 0.20143020799999967
4.931419083 -- 0.20138766700000055
4.992675875 -- 0.20065925000000018
5.1s