0.040133875 -- 0.20318000000000003
0.103622291 -- 0.204569584
0.168649916 -- 0.20056354199999998
0.233706291 -- 0.20313033399999997
0.296815416 -- 0.20137587499999998
0.358175 -- 0.20167166599999997
0.42069425 -- 0.20467687500000004
0.483693375 -- 0.205093458
0.548743541 -- 0.20322245900000002
0.613789083 -- 0.20175845800000003
0.677930333 -- 0.20073883299999995
0.738771708 -- 0.205134417
0.801593375 -- 0.20527333299999995
0.862826416 -- 0.20102454199999997
0.92787475 -- 0.20468629100000002
0.992933791 -- 0.20276187499999998
1.05391725 -- 0.20190708300000004
1.115402416 -- 0.20170274999999993
1.176739625 -- 0.20514241599999994
1.241810541 -- 0.2016035840000001
1.306866333 -- 0.20483291699999984
1.370667 -- 0.20513262499999985
1.431791875 -- 0.20141058299999992
1.495748875 -- 0.20408004099999988
1.560652833 -- 0.205234833
1.625713583 -- 0.201226833
1.686316458 -- 0.20248454199999988
1.751379916 -- 0.20302183399999985
1.813770041 -- 0.2048071250000001
1.87880925 -- 0.20337458300000022
1.939423958 -- 0.20513350000000008
2.004451041 -- 0.20512670899999996
2.067247666 -- 0.203436167
2.132286958 -- 0.20517741700000025
2.193844875 -- 0.2014204580000003
2.258893541 -- 0.20515883400000012
2.320305208 -- 0.20129987499999968
2.383183541 -- 0.20515929199999983
2.448228125 -- 0.20078337499999988
2.509343416 -- 0.20513083399999976
2.573132916 -- 0.20068762500000004
2.637122916 -- 0.20044058399999987
2.701945208 -- 0.20519429199999983
2.766989083 -- 0.20192699999999997
2.832026458 -- 0.2011751669999997
2.895727125 -- 0.2034473750000001
2.960765791 -- 0.20367016699999985
3.020958791 -- 0.20156658400000005
3.083134166 -- 0.20511187500000005
3.145551875 -- 0.2051554999999996
3.205766583 -- 0.20515858300000023
3.270797 -- 0.2014089160000001
3.333403458 -- 0.2006755830000002
3.39405 -- 0.20412566599999993
3.459088541 -- 0.201335292
3.520673541 -- 0.20047820900000035
3.582548208 -- 0.205115583
3.643538583 -- 0.20516145799999963
3.70858625 -- 0.20404791599999994
3.773618416 -- 0.20399137499999975
3.833885333 -- 0.20513054199999958
3.896845541 -- 0.20514420900000063
3.958181666 -- 0.20116545899999982
4.023221708 -- 0.20108237499999948
4.088276333 -- 0.20517800000000008
4.151190416 -- 0.200750459
4.215452791 -- 0.20210754200000025
4.276918708 -- 0.20280483300000007
4.33947375 -- 0.20253124999999983
4.404519833 -- 0.2013467499999999
4.4695305 -- 0.20513566599999944
4.534573083 -- 0.20485545799999993
4.595968291 -- 0.20098245899999956
4.661009833 -- 0.20344058300000079
4.72605875 -- 0.2008615410000001
4.78991675 -- 0.20517479100000013
4.85495 -- 0.2018330000000006
4.919984416 -- 0.20317329199999978
4.983405541 -- 0.20076141699999983
