0.040676916 -- 0.205160084
0.102560208 -- 0.20092295800000004
0.167588416 -- 0.20529475
0.232658291 -- 0.20133837499999999
0.29684925 -- 0.20514929099999996
0.356924833 -- 0.20511591699999998
0.42196125 -- 0.20513770800000003
0.483394875 -- 0.20102799999999998
0.548466833 -- 0.20383670799999998
0.612451416 -- 0.20516350000000005
0.677493916 -- 0.20513941700000005
0.742539166 -- 0.20514287499999995
0.804093583 -- 0.20510249999999997
0.865305 -- 0.20507891599999994
0.926067208 -- 0.20202858300000004
0.99061825 -- 0.20512562499999998
1.055670458 -- 0.20383004199999988
1.120263083 -- 0.20160195799999991
1.1843565 -- 0.20514791600000004
1.244538666 -- 0.20240887499999993
1.309374791 -- 0.201219834
1.370648958 -- 0.20514599999999983
1.432022166 -- 0.20022345899999983
1.49706775 -- 0.20512708300000004
1.5590195 -- 0.20256670799999998
1.621869541 -- 0.20188637500000017
1.68693425 -- 0.2036907080000001
1.748588166 -- 0.20515629200000007
1.809885583 -- 0.20511683300000016
1.874912916 -- 0.20204999999999984
1.939955458 -- 0.20033795799999998
2.002450208 -- 0.2051432499999999
2.065637541 -- 0.20526991699999986
2.1278535 -- 0.20235116600000014
2.188751916 -- 0.20186587499999975
2.252897375 -- 0.20046412500000033
2.313240125 -- 0.2017812499999998
2.37827725 -- 0.20512545799999993
2.440605708 -- 0.2051354169999997
2.503144375 -- 0.205150583
2.568188458 -- 0.20515216700000005
2.63225625 -- 0.20323566599999987
2.697285208 -- 0.20454266700000012
2.76232425 -- 0.20404695800000017
2.827361 -- 0.2007494160000003
2.892426791 -- 0.20240037499999985
2.953093375 -- 0.20015291599999996
3.01560575 -- 0.2051589159999998
3.077455875 -- 0.20434149999999995
3.142515666 -- 0.20525762500000022
3.203959875 -- 0.2050905000000003
3.266340583 -- 0.20512537500000017
3.327480458 -- 0.20518166699999973
3.390556208 -- 0.20513645800000013
3.453865375 -- 0.20515029100000026
3.513997166 -- 0.20515833400000005
3.5781675 -- 0.20509029099999987
3.642930875 -- 0.20029620800000014
3.707966166 -- 0.201413375
3.769055125 -- 0.2051918330000002
3.82919675 -- 0.20442854099999996
3.890833791 -- 0.20515437499999978
3.951943375 -- 0.20042587499999964
4.012445 -- 0.200747958
4.077522875 -- 0.20512662500000012
4.140298541 -- 0.2017247089999996
4.202969416 -- 0.20105645900000013
4.267997041 -- 0.20206274999999962
4.333030333 -- 0.20513395800000023
4.398075833 -- 0.20093504200000023
4.459348708 -- 0.20242374999999946
4.521115958 -- 0.20518891700000008
4.584365041 -- 0.20512716700000055
4.646208916 -- 0.20329495899999994
4.709105041 -- 0.20513754200000012
4.77317975 -- 0.20379254100000033
4.838212125 -- 0.2023959159999995
4.903239708 -- 0.20115645799999982
4.965545625 -- 0.20520979100000059
5.028099833 -- 0.20378633300000004
